
Connected to: Oracle Database 11g Express Edition Release 11.2.0.2.0 - Production
Export done in WE8MSWIN1252 character set and AL16UTF16 NCHAR character set
server uses AL32UTF8 character set (possible charset conversion)

About to export specified users ...
. exporting pre-schema procedural objects and actions
. exporting foreign function library names for user UNIVERSITY 
. exporting PUBLIC type synonyms
. exporting private type synonyms
. exporting object type definitions for user UNIVERSITY 
About to export UNIVERSITY's objects ...
. exporting database links
. exporting sequence numbers
. exporting cluster definitions
. about to export UNIVERSITY's tables via Conventional Path ...
. . exporting table                        COURSES
                                                           11 rows exported
EXP-00091: Exporting questionable statistics.
EXP-00091: Exporting questionable statistics.
. . exporting table                    DEPARTMENTS
                                                            3 rows exported
EXP-00091: Exporting questionable statistics.
EXP-00091: Exporting questionable statistics.
. . exporting table                   DEPT_COURSES
                                                           11 rows exported
EXP-00091: Exporting questionable statistics.
EXP-00091: Exporting questionable statistics.
. . exporting table                     ENROLLMENT
                                                            8 rows exported
EXP-00091: Exporting questionable statistics.
. . exporting table                     PROFESSORS
                                                            4 rows exported
EXP-00091: Exporting questionable statistics.
EXP-00091: Exporting questionable statistics.
. . exporting table              PROFESSOR_COURSES
                                                           13 rows exported
EXP-00091: Exporting questionable statistics.
EXP-00091: Exporting questionable statistics.
. . exporting table                       STUDENTS
                                                            9 rows exported
EXP-00091: Exporting questionable statistics.
EXP-00091: Exporting questionable statistics.
. exporting synonyms
. exporting views
. exporting stored procedures
. exporting operators
. exporting referential integrity constraints
. exporting triggers
. exporting indextypes
. exporting bitmap, functional and extensible indexes
. exporting posttables actions
. exporting materialized views
. exporting snapshot logs
. exporting job queues
. exporting refresh groups and children
. exporting dimensions
. exporting post-schema procedural objects and actions
. exporting statistics
Export terminated successfully with warnings.
